    Blocking waiting for file lock on package cache
   Compiling racing-wheel-telemetry-adapters v0.1.0 (H:\Code\Rust\OpenRacing-cleanup\crates\telemetry-adapters)
    Finished `test` profile [unoptimized + debuginfo] target(s) in 40.45s
     Running unittests src\lib.rs (target\debug\deps\racing_wheel_telemetry_adapters-4a169fbab7e96afc.exe)

running 644 tests
test ac_rally::tests::test_normalize_probe_packet_rejects_empty_data ... ok
test ac_rally::tests::test_parse_registration_result_packet ... ok
test ac_rally::tests::test_normalize_probe_packet_contains_debug_fields ... ok
test ac_rally::tests::test_build_register_packet_layout ... ok
test acc::tests::test_build_register_packet_layout ... ok
test acc::tests::test_parse_registration_result ... ok
test acc::tests::test_parse_realtime_sequence_from_fixtures ... ok
test acc::tests::test_acc_adapter_with_address ... ok
test acc::tests::test_fixture_packets_parse_without_errors ... ok
test acc::tests::test_string_round_trip ... ok
test acc::tests::test_parse_registration_result_fixture ... ok
test acc::tests::test_normalize_invalid_data ... ok
test acc::tests::test_normalize_method ... ok
test acc::tests::test_truncated_fixture_packets_fail_cleanly ... ok
test acc::tests::test_is_game_running ... ok
test ams2::tests::test_default_shared_memory ... ok
test ams2::tests::test_ams2_adapter_creation ... ok
test ams2::tests::test_drs_state_enum ... ok
test ams2::tests::test_extended_data_values ... ok
test acc::tests::prop_acc_normalize_speed_non_negative ... ok
test ams2::proptest_tests::ams2_ffb_scalar_clamped ... ok
test acc::tests::prop_acc_normalize_gear_in_range ... ok
test acc::tests::test_acc_adapter_creation ... ok
test ac_rally::tests::test_ac_rally_adapter_defaults ... ok
test acc::tests::test_parse_invalid_packet ... ok
test acc::tests::test_parse_realtime_car_update_to_normalized ... ok
test ams2::tests::test_extract_string ... ok
test ams2::tests::test_ffb_scalar_clamping ... ok
test ams2::tests::test_normalize_ams2_data ... ok
test ams2::tests::test_is_game_running ... ok
test ams2::tests::test_pit_mode_enum ... ok
test ams2::tests::test_race_state_enum ... ok
test ams2::tests::test_session_state_enum ... ok
test ams2::tests::test_normalize_drs_state ... ok
test ams2::tests::test_slip_ratio_calculation ... ok
test ams2::proptest_tests::ams2_short_buffer_always_errors ... ok
test ams2::proptest_tests::ams2_speed_nonneg ... ok
test ams2::tests::test_game_state_enum ... ok
test ams2::tests::test_highest_flag_enum ... ok
test ams2::tests::test_normalize_raw_data ... ok
test ams2::tests::test_normalize_invalid_data ... ok
test ams2::tests::test_normalize_pit_mode ... ok
test ams2::tests::test_normalize_with_flags ... ok
test assetto_corsa::tests::test_parse_valid_packet ... ok
test assetto_corsa::tests::test_adapter_expected_update_rate ... ok
test assetto_corsa::tests::test_adapter_game_id ... ok
test automobilista::tests::ffb_scalar_in_unit_range ... ok
test assetto_corsa::proptest_tests::parse_ac_packet_steering_clamped ... ok
test automobilista::tests::game_id_is_automobilista ... ok
test automobilista::tests::gear_negative_one_stays_reverse ... ok
test assetto_corsa::proptest_tests::parse_ac_packet_too_short_always_errors ... ok
test ams2::proptest_tests::ams2_rpm_nonneg ... ok
test ams2::tests::test_slip_ratio_clamping ... ok
test assetto_corsa::tests::test_parse_exact_min_size ... ok
test assetto_corsa::tests::test_normalization_bounds ... ok
test assetto_corsa::tests::test_normalize_delegates_to_parse ... ok
test automobilista::tests::rejects_too_small_snapshot ... ok
test automobilista::tests::rpm_extracted_from_double_offset ... ok
test automobilista::tests::zero_snapshot_returns_zero_speed_and_rpm ... ok
test beamng::tests::test_gear_neutral ... ok
test beamng::proptest_tests::parse_outgauge_too_short_always_errors ... ok
test assetto_corsa::proptest_tests::parse_ac_packet_rpm_nonneg_on_valid_input ... ok
test beamng::proptest_tests::parse_outgauge_brake_clamped ... ok
test beamng::proptest_tests::parse_outgauge_speed_nonneg ... ok
test assetto_corsa::proptest_tests::parse_ac_packet_speed_always_nonneg ... ok
test beamng::proptest_tests::parse_outgauge_throttle_clamped ... ok
test assetto_corsa::proptest_tests::parse_ac_packet_no_panic_on_arbitrary_bytes ... ok
test assetto_corsa::tests::test_parse_truncated_packet ... ok
test beamng::tests::test_gear_reverse ... ok
test automobilista::tests::speed_extracted_from_offset ... ok
test beamng::tests::test_adapter_game_id ... ok
test acc::tests::prop_string_round_trip ... ok
test beamng::proptest_tests::parse_outgauge_no_panic_on_arbitrary_bytes ... ok
test beamng::tests::test_adapter_update_rate ... ok
test automobilista::tests::throttle_clamped_to_unit_range ... ok
test beamng::tests::test_parse_truncated_packet ... ok
test beamng::tests::test_parse_valid_packet ... ok
test beamng::tests::test_normalization_clamp ... ok
test beamng::tests::test_normalize_delegates_to_parse ... ok
test dakar::tests::test_adapter_game_id ... ok
test dakar::tests::test_empty_packet_rejected ... ok
test dakar::tests::test_ffb_scalar_range ... ok
test dakar::tests::test_gear_range ... ok
test codemasters_udp::tests::parse_and_decode_builtin_mode_fields ... ok
test codemasters_udp::tests::prop_decode_errors_on_short_input ... ok
test codemasters_udp::tests::parse_xml_definition_with_attributes ... ok
test codemasters_udp::tests::prop_decode_value_count_matches_non_fourcc_fields ... ok
test dakar::tests::test_magic_mismatch_rejected ... ok
test dakar::tests::test_parse_valid_packet ... ok
test dakar::tests::test_update_rate ... ok
test dirt4::tests::game_id_is_correct ... ok
test dirt3::tests::game_id_is_dirt3 ... ok
test dirt4::tests::gear_forward_stays_in_range ... ok
test dirt3::tests::gear_zero_maps_to_reverse ... ok
test dakar::tests::test_speed_is_nonnegative ... ok
test dakar::tests::test_reverse_gear_encoding ... ok
test dirt4::tests::brake_clamped_to_unit_range ... ok
test dirt4::tests::empty_input_returns_error ... ok
test dirt4::tests::in_pit_flag_set_when_one ... ok
test dirt4::tests::known_good_payload_throttle_brake_gear ... ok
test dakar::tests::test_short_packet_rejected ... ok
test dirt3::tests::rejects_short_packet ... ok
test dirt3::tests::zero_packet_returns_zero_speed_and_rpm ... ok
test dirt4::tests::rejects_short_packet ... ok
test dirt4::tests::speed_extracted_from_wheel_speeds ... ok
test dirt4::tests::throttle_clamped_to_unit_range ... ok
test dirt4::tests::zero_gear_maps_to_reverse ... ok
test dirt4::tests::zero_packet_returns_zero_speed_and_rpm ... ok
test dirt5::tests::test_dirt5_adapter_normalization ... ok
test dirt_rally_2::tests::gear_extraction_reverse ... ok
test dirt_rally_2::property_tests::prop_short_packet_returns_err ... ok
test dirt4::tests::speed_is_nonnegative ... ok
test dirt_rally_2::property_tests::prop_rpm_non_negative ... ok
test dirt_rally_2::tests::gear_extraction_forward_gears ... ok
test dirt_rally_2::tests::in_pit_flag_set_when_one ... ok
test dirt_rally_2::tests::rejects_short_packet ... ok
test dirt_rally_2::property_tests::prop_brake_clamped ... ok
test dirt_rally_2::property_tests::prop_gear_in_valid_range ... ok
test dirt_rally_2::tests::in_pit_flag_clear_when_zero ... ok
test dirt_rally_2::property_tests::prop_ffb_scalar_in_range ... ok
test dirt4::tests::rpm_and_rpm_fraction_extracted ... ok
test dirt5::tests::test_dirt5_adapter_rejects_short_packet ... ok
test dirt_rally_2::property_tests::prop_fuel_percent_in_range ... ok
test dirt_rally_2::property_tests::prop_throttle_clamped ... ok
test dirt_rally_2::tests::rpm_and_rpm_fraction_extracted ... ok
test dirt_rally_2::tests::speed_extracted_from_wheel_speeds ... ok
test dirt_rally_2::tests::speed_falls_back_to_velocity_magnitude ... ok
test dirt_rally_2::tests::zero_gear_maps_to_reverse ... ok
test dirt_rally_2::property_tests::prop_steering_clamped ... ok
test dirt_showdown::tests::game_id_is_correct ... ok
test dirt_rally_2::property_tests::prop_speed_non_negative_from_wheel_speeds ... ok
test ams2::proptest_tests::ams2_no_panic_on_arbitrary_bytes ... ok
test dirt_showdown::tests::in_pit_flag_set_when_one ... ok
test eawrc::tests::test_decode_any_handles_padded_packet_uid ... ok
test eawrc::tests::test_decode_any_prefers_packet_uid_routing ... ok
test dirt_showdown::tests::throttle_clamped_to_unit_range ... ok
test dirt_showdown::tests::zero_gear_maps_to_reverse ... ok
test dirt_rally_2::tests::zero_packet_returns_zero_speed_and_rpm ... ok
test dirt_showdown::tests::empty_input_returns_error ... ok
test dirt_showdown::tests::zero_packet_returns_zero_speed_and_rpm ... ok
test ets2::tests::test_adapter_game_id_ats ... ok
test ets2::proptest_tests::scs_valid_speed_nonneg ... ok
test ets2::tests::test_ffb_scalar_range ... ok
test ets2::tests::test_gear_in_valid_range ... ok
test dirt_showdown::tests::rejects_short_packet ... ok
test dirt_showdown::tests::speed_extracted_from_wheel_speeds ... ok
test eawrc::tests::test_decoder_compile_and_decode ... ok
test ets2::tests::test_parse_valid_packet ... ok
test ets2::tests::test_short_buffer_rejected ... ok
test eawrc::tests::test_adapter_normalize_uses_runtime_schema_files ... ok
test ets2::proptest_tests::scs_short_packet_always_errors ... ok
test ets2::tests::test_wrong_version_rejected ... ok
test f1::tests::test_f1_adapter_normalization_maps_core_fields_and_flags ... ok
test ets2::proptest_tests::scs_valid_gear_in_range ... ok
test f1_25::tests::adapter_normalize_accepts_car_telemetry_packet ... ok
test ets2::proptest_tests::scs_valid_rpm_nonneg ... ok
test eawrc::tests::test_decoder_rejects_packet_uid_mismatch ... ok
test ets2::proptest_tests::scs_no_panic_on_arbitrary_bytes ... ok
test ets2::tests::test_adapter_game_id_ets2 ... ok
test ets2::tests::test_empty_input ... ok
test ets2::tests::test_speed_is_nonnegative ... ok
test ets2::tests::test_update_rate ... ok
test dirt_rally_2::property_tests::prop_arbitrary_packet_no_panic ... ok
test ets2::tests::test_parse_neutral_gear ... ok
test f1_25::tests::adapter_game_id_is_f1_25 ... ok
test ets2::tests::test_parse_reverse_gear ... ok
test f1::tests::test_f1_adapter_rejects_short_packet ... ok
test f1_25::tests::adapter_normalize_rejects_short_packet ... ok
test f1_25::tests::adapter_update_rate_is_16ms ... ok
test f1_25::tests::adapter_normalize_rejects_car_status_only_packet ... ok
test f1_25::tests::all_gear_values_are_normalised ... ok
test f1_25::tests::car_status_rejects_short_packet ... ok
test f1_25::tests::byte_reader_u16_le ... ok
test f1_25::tests::byte_reader_f32_le_round_trip ... ok
test f1_25::tests::byte_reader_out_of_bounds_errors ... ok
test f1_25::tests::car_status_round_trip_fuel_ers_drs ... ok
test f1_25::tests::car_telemetry_reverse_gear_is_negative_one ... ok
test f1_25::tests::car_telemetry_round_trip_speed_gear_rpm ... ok
test f1_25::tests::normalize_completes_within_1ms ... ok
test f1_25::tests::normalize_drs_flag_propagates_to_extended_and_flags ... ok
test f1_25::tests::normalize_speed_converted_from_kmh_to_ms ... ok
test f1_25::tests::normalize_track_id_maps_to_spa ... ok
test f1_25::tests::process_packet_session_track_reflected_in_normalized ... ok
test f1_25::tests::process_packet_session_updates_state_but_no_emit ... ok
test f1_25::tests::parse_header_extracts_packet_id_and_player_index ... ok
test f1_25::tests::parse_header_rejects_short_buffer ... ok
test f1_25::tests::golden_normalize_spa_race_snapshot ... ok
test f1_25::tests::fuel_remaining_present_and_non_negative ... ok
test f1_25::tests::speed_conversion_is_monotone ... ok
test f1_25::tests::track_name_known_values ... ok
test f1_25::tests::normalize_tyre_compound_name_c4 ... ok
test f1_25::tests::parse_car_telemetry_completes_within_1ms ... ok
test f1_25::tests::session_packet_rejects_short_buffer ... ok
test f1_25::tests::session_packet_round_trip_track_and_temperatures ... ok
test f1_25::tests::car_telemetry_rejects_out_of_range_player_index ... ok
test f1_25::tests::tyre_compound_codes ... ok
test f1_manager::tests::test_adapter_game_id ... ok
test f1_25::tests::car_telemetry_rejects_short_packet ... ok
test f1_manager::tests::test_default_impl ... ok
test f1_manager::tests::test_start_monitoring_yields_no_frames ... ok
test f1_manager::tests::test_normalize_returns_default ... ok
test f1_manager::tests::test_normalize_any_data_returns_default ... ok
test f1_native::tests::adapter_normalize_rejects_wrong_format ... ok
test f1_native::tests::car_status_2023_pit_limiter_active ... ok
test f1_native::tests::adapter_normalize_single_car_telemetry_packet ... ok
test f1_native::tests::car_status_2023_rejects_out_of_range_player_index ... ok
test f1_native::tests::car_status_2024_round_trip_fuel_ers_engine_power ... ok
test f1_native::tests::car_telemetry_2023_round_trip_speed_gear_rpm ... ok
test f1_native::tests::car_telemetry_2024_drs_active ... ok
test f1_native::tests::car_telemetry_reverse_gear ... ok
test f1_native::tests::adapter_game_id_is_f1_native ... ok
test f1_native::tests::adapter_normalize_rejects_car_status_packet_alone ... ok
test f1_native::tests::car_status_2024_rejects_out_of_range_player_index ... ok
test f1_native::tests::car_status_2024_rejects_short_packet ... ok
test f1_25::tests::normalize_ers_fraction_clamped_zero_to_one ... ok
test f1_25::tests::normalize_pit_limiter_sets_both_flags ... ok
test f1_25::tests::track_name_negative_returns_melbourne ... ok
test f1_25::tests::process_packet_emits_after_both_telemetry_and_status ... ok
test f1_25::tests::track_name_out_of_range_returns_unknown ... ok
test f1_manager::tests::test_update_rate ... ok
test f1_native::tests::car_status_2023_rejects_short_packet ... ok
test f1_native::tests::car_status_2023_round_trip_fuel_ers_drs ... ok
test f1_native::tests::normalize_ers_fraction_is_clamped_to_0_1 ... ok
test f1_25::tests::process_packet_rejects_wrong_format ... ok
test f1_manager::tests::test_stop_monitoring ... ok
test f1_native::tests::normalize_f23_has_zero_engine_power_fields ... ok
test f1_native::tests::normalize_speed_conversion_from_kmh_to_ms ... ok
test f1_native::tests::parse_header_extracts_format_2023 ... ok
test f1_native::tests::process_packet_emits_normalized_after_telem_and_status_f23 ... ok
test f1_native::tests::parse_header_extracts_format_2024 ... ok
test f1_native::tests::process_packet_rejects_format_2025 ... ok
test f1_native::tests::process_packet_rejects_format_2022 ... ok
test f1_native::tests::process_packet_emits_normalized_after_telem_and_status_f24 ... ok
test f1_native::tests::process_packet_ignores_unknown_packet_id ... ok
test f1_native::tests::process_packet_updates_session_data ... ok
test flatout::tests::test_adapter_game_id ... ok
test flatout::tests::test_empty_packet_rejected ... ok
test flatout::tests::test_update_rate ... ok
test flatout::tests::test_speed_is_nonnegative ... ok
test flatout::tests::test_gear_range ... ok
test flatout::tests::test_magic_mismatch_rejected ... ok
test flatout::tests::test_ffb_scalar_range ... ok
test flatout::tests::test_parse_valid_packet ... ok
test flatout::tests::test_short_packet_rejected ... ok
test forza::proptest_tests::parse_sled_rpm_nonneg_when_race_on ... ok
test forza::tests::test_adapter_update_rate ... ok
test forza::tests::test_detect_format ... ok
test forza::tests::test_normalization_clamp ... ok
test forza::tests::test_parse_cardash_valid ... ok
test forza::tests::test_parse_sled_gear_reverse ... ok
test forza::tests::test_adapter_game_id ... ok
test forza::tests::test_parse_sled_race_off ... ok
test forza::proptest_tests::parse_sled_steering_clamped ... ok
test forza::proptest_tests::parse_cardash_no_panic_on_arbitrary_bytes ... ok
test forza::proptest_tests::parse_sled_no_panic_on_arbitrary_bytes ... ok
test forza_horizon::tests::fh4_accepts_sled_packet ... ok
test forza_horizon::tests::fh4_game_id ... ok
test forza_horizon::tests::fh4_accepts_cardash_packet ... ok
test forza_horizon::tests::fh5_accepts_cardash_packet ... ok
test forza::tests::test_parse_sled_truncated ... ok
test forza::tests::test_parse_sled_valid ... ok
test forza::proptest_tests::parse_forza_packet_no_panic ... ok
test forza::tests::test_parse_unknown_format ... ok
test forza_horizon::tests::fh4_update_rate ... ok
test forza_horizon::tests::fh4_rejects_short_packet ... ok
test forza_horizon::tests::fh4_rejects_empty_input ... ok
test forza_horizon::tests::fh5_game_id ... ok
test forza_horizon::tests::fh5_rejects_empty_input ... ok
test gran_turismo_7::property_tests::prop_rpm_finite ... ok
test forza_horizon::proptest_tests::prop_fh5_no_panic_on_arbitrary_bytes ... ok
test forza_horizon::tests::fh5_accepts_sled_packet ... ok
test gran_turismo_7::property_tests::prop_salsa20_block_is_deterministic ... ok
test forza_horizon::tests::fh5_rejects_short_packet ... ok
test forza_horizon::tests::fh5_update_rate ... ok
test gran_turismo_7::tests::test_adapter_game_id ... ok
test gran_turismo_7::property_tests::prop_fuel_percent_in_range ... ok
test gran_turismo_7::property_tests::prop_gear_in_range ... ok
test gran_turismo_7::property_tests::prop_short_input_returns_err ... ok
test gran_turismo_7::property_tests::prop_brake_normalized ... ok
test gran_turismo_7::property_tests::prop_throttle_normalized ... ok
test gran_turismo_7::property_tests::prop_speed_non_negative ... ok
test gran_turismo_7::tests::test_asm_flag_mapped ... ok
test gran_turismo_7::tests::test_best_lap_time_ms_conversion ... ok
test gran_turismo_7::tests::test_fuel_percentage ... ok
test gran_turismo_7::tests::test_car_code_to_car_id ... ok
test forza_horizon::proptest_tests::prop_fh4_no_panic_on_arbitrary_bytes ... ok
test gran_turismo_7::tests::test_gear_extraction_low_nibble ... ok
test gran_turismo_7::tests::test_lap_count ... ok
test gran_turismo_7::tests::test_adapter_update_rate ... ok
test gran_turismo_7::tests::test_adapter_is_game_running ... ok
test gran_turismo_7::tests::test_neutral_gear ... ok
test gran_turismo_7::tests::test_no_best_lap_when_minus_one ... ok
test gran_turismo_7::tests::test_normalize_short_data_returns_err ... ok
test gran_turismo_7::tests::test_rpm_extraction ... ok
test gran_turismo_7::tests::test_salsa20_xor_is_deterministic ... ok
test gran_turismo_7::tests::test_salsa20_xor_changes_data ... ok
test gran_turismo_7::tests::test_salsa20_block_is_deterministic ... ok
test gran_turismo_7::tests::test_salsa20_different_counters_differ ... ok
test gran_turismo_7::property_tests::prop_arbitrary_packet_no_panic ... ok
test gran_turismo_7::tests::test_wrong_magic_returns_err ... ok
test gran_turismo_7::tests::test_tcs_flag_mapped ... ok
test gran_turismo_7::tests::test_throttle_brake_normalisation ... ok
test gran_turismo_7::tests::test_with_port_override ... ok
test gran_turismo_7::tests::test_tire_temps_clamped ... ok
test gran_turismo_7::tests::test_short_packet_returns_err ... ok
test gran_turismo_7::tests::test_speed_extraction ... ok
test gran_turismo_sport::tests::test_adapter_update_rate ... ok
test gran_turismo_sport::tests::test_adapter_is_game_running ... ok
test gran_turismo_7::tests::test_zero_car_code_gives_no_car_id ... ok
test gran_turismo_sport::tests::test_adapter_game_id ... ok
test gran_turismo_sport::tests::test_with_port_override ... ok
test gran_turismo_sport::tests::test_minimum_valid_decrypted_packet ... ok
test gran_turismo_sport::tests::test_normalize_short_data_returns_err ... ok
test gravel::tests::test_default ... ok
test gravel::tests::test_empty_input_returns_err ... ok
test gran_turismo_sport::tests::test_default_recv_port ... ok
test gran_turismo_sport::tests::test_empty_packet_returns_err ... ok
test gravel::tests::game_id_is_correct ... ok
test gravel::tests::normalize_returns_default ... ok
test gravel::tests::test_stop_monitoring ... ok
test gran_turismo_sport::tests::test_normalize_valid_packet ... ok
test gravel::tests::test_port_constants ... ok
test gravel::tests::test_is_game_running ... ok
test gran_turismo_sport::tests::test_port_constants ... ok
test gravel::tests::test_update_rate ... ok
test grid_autosport::tests::ffb_scalar_clamped_to_range ... ok
test grid_autosport::tests::game_id_is_grid_autosport ... ok
test grid_2019::tests::gear_zero_maps_to_reverse ... ok
test grid_2019::tests::rejects_short_packet ... ok
test gravel::tests::test_valid_packet_parses ... ok
test grid_2019::tests::game_id_is_grid_2019 ... ok
test grid_2019::tests::speed_extracted_from_wheel_speeds ... ok
test grid_2019::tests::zero_packet_returns_zero_speed_and_rpm ... ok
test grid_autosport::tests::gear_zero_maps_to_reverse ... ok
test grid_legends::tests::game_id_is_grid_legends ... ok
test grid_autosport::tests::speed_extracted_from_wheel_speeds ... ok
test grid_autosport::tests::zero_packet_returns_zero_speed_and_rpm ... ok
test grid_legends::tests::gear_zero_maps_to_reverse ... ok
test iracing::tests::test_assign_var_binding_maps_steering_wheel_limiter ... ok
test grid_legends::tests::rejects_short_packet ... ok
test grid_legends::tests::zero_packet_returns_zero_speed_and_rpm ... ok
test grid_autosport::tests::rejects_short_packet ... ok
test gran_turismo_sport::proptest_tests::prop_arbitrary_bytes_no_panic ... ok
test iracing::proptest_tests::iracing_short_buffer_always_errors ... ok
test iracing::tests::test_extract_string ... ok
test iracing::tests::test_extract_string_decodes_iso_8859_1 ... ok
test iracing::proptest_tests::iracing_rpm_nonneg ... ok
test iracing::proptest_tests::iracing_speed_nonneg ... ok
test iracing::tests::test_normalize_invalid_data ... ok
test iracing::tests::test_normalize_iracing_data ... ok
test iracing::tests::test_normalize_iracing_raw_accepts_trailing_bytes ... ok
test iracing::tests::test_iracing_adapter_creation ... ok
test iracing::tests::test_normalize_legacy_iracing_raw ... ok
test iracing::tests::test_normalize_legacy_minimum_iracing_raw ... ok
test iracing::tests::test_normalize_raw_data ... ok
test iracing::tests::test_resolve_ffb_scalar_falls_back_to_torque_max_force ... ok
test iracing::tests::test_resolve_ffb_scalar_is_none_when_no_binding_available ... ok
test iracing::tests::test_resolve_ffb_scalar_is_none_without_percent_or_maxforce_binding ... ok
test forza_horizon::tests::fh4_sled_snapshot ... ok
test iracing::tests::test_resolve_ffb_scalar_prefers_pct_torque_sign ... ok
test iracing::tests::test_resolve_slip_ratio_absent_without_binding ... ok
test iracing::tests::test_resolve_slip_ratio_falls_back_to_wheel_speed_derivation ... ok
test kartkraft::tests::test_adapter_update_rate ... ok
test kartkraft::tests::test_normalize_delegates_to_parse ... ok
test kartkraft::tests::test_adapter_game_id ... ok
test kartkraft::tests::proptest_tests::prop_short_packet_returns_err ... ok
test kartkraft::tests::test_steering_normalisation ... ok
test kartkraft::tests::test_throttle_brake_clamped ... ok
test kartkraft::tests::test_too_short_rejected ... ok
test kartkraft::tests::proptest_tests::prop_valid_packet_speed_nonneg ... ok
test iracing::tests::test_is_game_running ... ok
test iracing::tests::test_layout_signature_changes_are_detected ... ok
test iracing::tests::test_normalize_session_flags_are_canonical_bits ... ok
test kartkraft::tests::proptest_tests::prop_arbitrary_bytes_never_panic ... ok
test iracing::tests::test_read_from_image_uses_newest_rotating_buffer ... ok
test iracing::tests::test_resolve_slip_ratio_prefers_max_explicit_wheel_ratio ... ok
test iracing::tests::test_select_latest_var_buffer_chooses_highest_tick ... ok
test kartkraft::tests::test_parse_valid_packet ... ok
test kartkraft::tests::test_reverse_gear ... ok
test kartkraft::tests::test_wrong_identifier_rejected ... ok
test le_mans_ultimate::tests::test_adapter_game_id ... ok
test le_mans_ultimate::tests::test_empty_packet_rejected ... ok
test lfs::tests::proptest_tests::valid_packet_brake_in_range ... ok
test lfs::tests::proptest_tests::short_packet_always_errors ... ok
test le_mans_ultimate::property_tests::prop_throttle_brake_clamped ... ok
test le_mans_ultimate::property_tests::prop_short_packet_returns_err ... ok
test le_mans_ultimate::tests::test_parse_valid_packet ... ok
test le_mans_ultimate::tests::test_reverse_gear ... ok
test le_mans_ultimate::tests::test_short_packet_rejected ... ok
test le_mans_ultimate::tests::test_throttle_clamped ... ok
test le_mans_ultimate::property_tests::prop_speed_nonnegative ... ok
test lfs::tests::proptest_tests::full_packet_no_panic_on_arbitrary_bytes ... ok
test lfs::tests::proptest_tests::parse_lfs_no_panic_on_arbitrary_bytes ... ok
test lfs::tests::test_gear_encoding_reverse ... ok
test le_mans_ultimate::property_tests::prop_arbitrary_packet_no_panic ... ok
test lfs::tests::test_gear_valid_range_for_forward_gears ... ok
test lfs::tests::proptest_tests::valid_packet_rpm_nonnegative ... ok
test lfs::tests::test_adapter_game_id ... ok
test lfs::tests::test_normalize_delegates_to_parse ... ok
test lfs::tests::test_gear_encoding_first ... ok
test lfs::tests::proptest_tests::valid_packet_speed_nonnegative ... ok
test lfs::tests::proptest_tests::valid_packet_throttle_in_range ... ok
test lfs::tests::test_adapter_update_rate ... ok
test lfs::tests::test_brake_in_unit_range ... ok
test lfs::tests::test_gear_encoding_neutral ... ok
test lfs::tests::test_speed_is_nonnegative ... ok
test lfs::tests::test_throttle_in_unit_range ... ok
test motogp::tests::test_normalize_returns_ok ... ok
test motogp::tests::test_port_constants ... ok
test lfs::tests::test_parse_empty_packet ... ok
test motogp::tests::test_default ... ok
test motogp::tests::test_empty_input_returns_err ... ok
test lfs::tests::test_with_port_builder ... ok
test motogp::tests::test_stop_monitoring ... ok
test lfs::tests::test_parse_valid_packet ... ok
test lfs::tests::test_parse_truncated_packet ... ok
test motogp::tests::test_game_id ... ok
test motogp::tests::test_is_game_running ... ok
test mudrunner::tests::test_game_id_snowrunner ... ok
test mudrunner::tests::test_is_game_running ... ok
test mudrunner::tests::test_default ... ok
test mudrunner::tests::test_update_rate ... ok
test mudrunner::tests::test_valid_packet_parses ... ok
test mudrunner::tests::test_empty_input_returns_err ... ok
test mudrunner::tests::test_game_id_mudrunner ... ok
test mudrunner::tests::test_valid_packet_with_values ... ok
test mudrunner::tests::test_variant_game_ids ... ok
test gravel::proptest_tests::prop_arbitrary_bytes_no_panic ... ok
test motogp::tests::test_update_rate ... ok
test mudrunner::tests::test_stop_monitoring ... ok
test mudrunner::tests::test_port_constants ... ok
test nascar::tests::test_neutral_gear ... ok
test nascar::tests::test_parse_valid_packet ... ok
test nascar::tests::test_reverse_gear ... ok
test nascar::property_tests::prop_short_packet_returns_err ... ok
test nascar::property_tests::prop_speed_nonnegative ... ok
test nascar::tests::test_short_packet_rejected ... ok
test nascar::tests::test_empty_packet_rejected ... ok
test nascar::property_tests::prop_ffb_scalar_in_range ... ok
test nascar::tests::test_ffb_scalar_from_lat_g ... ok
test nascar::property_tests::prop_throttle_brake_clamped ... ok
test nascar::tests::test_adapter_game_id ... ok
test nascar::tests::test_speed_nonnegative ... ok
test nascar::property_tests::prop_arbitrary_packet_no_panic ... ok
test nascar_21::tests::test_normalize_short_packet_returns_err ... ok
test nascar_21::tests::test_normalize_valid_packet ... ok
test nascar::tests::test_throttle_clamped ... ok
test nascar_21::tests::test_adapter_game_id ... ok
test mudrunner::proptest_tests::prop_arbitrary_bytes_no_panic ... ok
test nascar_21::tests::test_default_port ... ok
test nascar_21::tests::test_update_rate ... ok
test pcars2::tests::proptest_tests::valid_packet_rpm_nonnegative ... ok
test pcars2::tests::proptest_tests::short_packet_always_errors ... ok
test pcars2::tests::proptest_tests::parse_pcars2_no_panic_on_arbitrary_bytes ... ok
test nascar_21::tests::test_with_port_override ... ok
test pcars2::tests::proptest_tests::full_size_packet_no_panic ... ok
test iracing::proptest_tests::iracing_no_panic_on_arbitrary_bytes ... ok
test pcars2::tests::proptest_tests::valid_packet_speed_nonnegative ... ok
test pcars2::tests::test_normalization_clamp ... ok
test pcars2::tests::test_adapter_update_rate ... ok
test pcars2::tests::test_parse_empty_packet ... ok
test pcars2::tests::test_normalize_delegates_to_parse ... ok
test pcars2::tests::test_adapter_game_id ... ok
test pcars2::tests::proptest_tests::valid_packet_steering_clamped ... ok
test race_driver_grid::tests::rejects_short_packet ... ok
test pcars2::tests::test_parse_truncated_packet ... ok
test pcars2::tests::test_parse_valid_packet ... ok
test pcars2::tests::proptest_tests::valid_packet_throttle_in_range ... ok
test race_driver_grid::tests::game_id_is_race_driver_grid ... ok
test race_driver_grid::tests::gear_zero_maps_to_reverse ... ok
test race_driver_grid::tests::zero_packet_returns_zero_speed_and_rpm ... ok
test raceroom::tests::test_normalize_delegates_to_parse ... ok
test raceroom::tests::test_normalization_clamp ... ok
test raceroom::tests::test_game_paused_returns_default ... ok
test raceroom::tests::test_fuel_percent_extended ... ok
test raceroom::tests::test_game_in_menus_returns_default ... ok
test raceroom::tests::test_adapter_game_id ... ok
test raceroom::tests::test_adapter_update_rate ... ok
test raceroom::tests::test_parse_invalid_version ... ok
test raceroom::tests::test_parse_too_small ... ok
test raceroom::tests::test_parse_valid_memory ... ok
test rbr::tests::test_128_byte_zero_packet ... ok
test rbr::property_tests::prop_ffb_scalar_matches_throttle_minus_brake ... ok
test rbr::property_tests::prop_gear_is_reverse_or_forward ... ok
test rbr::property_tests::prop_handbrake_flag_threshold ... ok
test rbr::property_tests::prop_rpm_is_finite ... ok
test rbr::tests::test_adapter_game_id ... ok
test rbr::tests::test_adapter_update_rate ... ok
test rbr::tests::test_speed_extraction ... ok
test rbr::tests::test_too_short_packet ... ok
test rbr::tests::test_gear_forward ... ok
test rbr::tests::test_gear_reverse ... ok
test rennsport::tests::test_adapter_game_id ... ok
test rennsport::tests::test_empty_packet ... ok
test rbr::tests::test_handbrake_flag_extraction ... ok
test rbr::tests::test_handbrake_off ... ok
test rennsport::tests::test_short_packet_rejected ... ok
test rennsport::tests::test_ffb_scalar_clamped ... ok
test rennsport::tests::test_gear_in_valid_range ... ok
test rennsport::tests::test_slip_ratio_clamped ... ok
test rbr::property_tests::prop_short_packet_returns_err ... ok
test rfactor1::tests::test_adapter_game_id_rfactor1 ... ok
test rfactor1::tests::test_brake_clamped ... ok
test rennsport::tests::test_update_rate ... ok
test rennsport::tests::test_speed_is_nonnegative ... ok
test rennsport::tests::test_wrong_identifier_rejected ... ok
test rfactor1::tests::test_adapter_game_id_gsc ... ok
test rfactor1::tests::test_gear_range_forward ... ok
test rfactor1::tests::test_minimum_packet_returns_speed_only ... ok
test rbr::property_tests::prop_arbitrary_packet_no_panic ... ok
test rbr::property_tests::prop_speed_is_finite ... ok
test rfactor1::tests::test_parse_valid_packet ... ok
test rfactor1::tests::test_reverse_gear ... ok
test rbr::tests::test_known_values_184_byte_packet ... ok
test rfactor1::tests::test_empty_packet_rejected ... ok
test rfactor1::tests::test_ffb_scalar_in_range ... ok
test rfactor1::tests::test_rpm_is_nonnegative ... ok
test rennsport::tests::test_parse_valid_packet ... ok
test rennsport::tests::test_reverse_gear ... ok
test rbr::tests::test_normalize_delegates_to_parse ... ok
test rfactor1::tests::test_speed_is_nonnegative ... ok
test rfactor1::tests::test_speed_from_3d_velocity ... ok
test rfactor1::tests::test_update_rate ... ok
test rfactor1::tests::test_with_port_builder ... ok
test rfactor2::tests::test_build_mapping_candidates_without_pid ... ok
test rfactor1::tests::test_short_packet_rejected ... ok
test rfactor2::tests::test_default_scoring_header ... ok
test rfactor2::proptest_tests::rf2_rpm_nonneg ... ok
test rfactor2::proptest_tests::rf2_short_buffer_always_errors ... ok
test rfactor1::tests::test_adapter_game_id_gtr2 ... ok
test rfactor1::tests::test_adapter_game_id_race07 ... ok
test rfactor2::tests::test_default_telemetry_header ... ok
test rfactor1::tests::test_normalize_delegates_to_parse ... ok
test rfactor1::tests::test_steering_in_range ... ok
test rfactor1::tests::test_throttle_clamped ... ok
test rfactor2::tests::test_build_mapping_candidates_with_pid ... ok
test rfactor1::tests::test_neutral_gear ... ok
test rfactor2::tests::test_force_feedback_falls_back_when_unstable ... ok
test rfactor2::tests::test_force_feedback_preferred_over_telemetry_torque ... ok
test rfactor2::tests::test_default_wheel_telemetry ... ok
test rfactor2::tests::test_derive_ffb_scalar ... ok
test rfactor2::tests::test_default_vehicle_telemetry ... ok
test rfactor2::proptest_tests::rf2_ffb_scalar_clamped ... ok
test rfactor2::tests::test_game_phase_enum ... ok
test rfactor2::tests::test_slip_ratio_clamping ... ok
test rfactor2::tests::test_normalize_rf2_data ... ok
test rfactor2::tests::test_normalize_with_flags ... ok
test ride5::tests::test_default ... ok
test ride5::tests::test_empty_input_returns_err ... ok
test rfactor2::proptest_tests::rf2_speed_nonneg ... ok
test motogp::proptest_tests::prop_arbitrary_bytes_no_panic ... ok
test ride5::tests::test_stop_monitoring ... ok
test rfactor2::tests::test_extract_string ... ok
test rfactor2::tests::test_ffb_scalar_calculation ... ok
test rfactor2::tests::test_rfactor_process_name_matching ... ok
test rfactor2::tests::test_slip_ratio_calculation ... ok
test ride5::tests::test_port_constants ... ok
test ride5::tests::test_normalize_returns_ok ... ok
test rfactor2::tests::test_normalize_without_scoring ... ok
test ride5::tests::test_game_id ... ok
test ride5::tests::test_is_game_running ... ok
test rfactor2::tests::test_rfactor2_adapter_creation ... ok
test seb_loeb_rally::tests::game_id_is_correct ... ok
test seb_loeb_rally::tests::normalize_returns_default ... ok
test simhub::tests::test_game_id ... ok
test simhub::tests::test_normalize_method ... ok
test simhub::tests::test_zero_packet_parses ... ok
test simhub::tests::test_parse_throttle_normalized ... ok
test simhub::tests::test_rpm_alias ... ok
test simhub::tests::test_parse_empty_bytes ... ok
test simhub::tests::test_parse_full_packet ... ok
test tests::test_mock_adapter ... ok
test tests::test_mock_telemetry_generation ... ok
test trackmania::tests::test_empty_packet_rejected ... ok
test trackmania::tests::test_engine_running_field_parsed ... ok
test trackmania::tests::test_throttle_clamped ... ok
test v_rally_4::tests::empty_input_returns_error ... ok
test trackmania::tests::test_missing_fields_defaults_to_zero ... ok
test trackmania::tests::test_parse_valid_json ... ok
test trackmania::tests::test_invalid_json_rejected ... ok
test trackmania::tests::test_invalid_utf8_rejected ... ok
test v_rally_4::tests::forward_gear_decoded ... ok
test v_rally_4::tests::game_id_is_correct ... ok
test wrc_generations::tests::brake_clamped_to_unit_range ... ok
test wrc_generations::tests::empty_input_returns_error ... ok
test wrc_generations::tests::game_id_is_correct ... ok
test wrc_generations::tests::gear_forward_stays_in_range ... ok
test v_rally_4::tests::rejects_short_packet ... ok
test v_rally_4::tests::speed_and_rpm_extracted ... ok
test wrc_generations::tests::in_pit_flag_set_when_one ... ok
test ride5::tests::test_update_rate ... ok
test trackmania::tests::test_reverse_gear ... ok
test trackmania::tests::test_steering_clamped ... ok
test v_rally_4::tests::throttle_brake_clamped ... ok
test v_rally_4::tests::zero_packet_returns_defaults ... ok
test simhub::tests::test_parse_gear_string ... ok
test trackmania::tests::test_adapter_game_id ... ok
test simhub::tests::test_parse_steer_degrees ... ok
test wrc_generations::tests::known_good_payload_throttle_brake_gear ... ok
test wrc_generations::tests::speed_extracted_from_wheel_speeds ... ok
test wrc_generations::tests::speed_is_nonnegative ... ok
test wrc_kylotonn::tests::larger_packet_accepted ... ok
test wrc_kylotonn::tests::rejects_short_packet ... ok
test wrc_kylotonn::tests::steering_clamped ... ok
test wrc_generations::tests::zero_packet_returns_zero_speed_and_rpm ... ok
test wrc_generations::tests::zero_gear_maps_to_reverse ... ok
test wrc_generations::tests::throttle_clamped_to_unit_range ... ok
test wrc_kylotonn::tests::rpm_fraction_present_when_max_rpm_nonzero ... ok
test wrc_kylotonn::tests::speed_extracted ... ok
test wrc_kylotonn::tests::throttle_clamped ... ok
test wrc_kylotonn::tests::wrc9_game_id ... ok
test wrc_kylotonn::tests::zero_packet_returns_zero_speed_and_rpm ... ok
test wreckfest::tests::test_empty_packet ... ok
test wreckfest::tests::test_adapter_game_id ... ok
test wreckfest::tests::test_ffb_scalar_range ... ok
test wreckfest::tests::test_gear_in_valid_range ... ok
test wreckfest::tests::test_parse_valid_packet ... ok
test wreckfest::tests::test_short_packet_rejected ... ok
test wreckfest::tests::test_update_rate ... ok
test wreckfest::tests::test_speed_is_nonnegative ... ok
test trackmania::property_tests::prop_valid_json_clamped ... ok
test wtcr::property_tests::prop_ffb_scalar_in_range ... ok
test wrc_kylotonn::proptest_tests::parse_no_panic_on_arbitrary_bytes ... ok
test wrc_generations::tests::rpm_and_rpm_fraction_extracted ... ok
test wrc_generations::tests::rejects_short_packet ... ok
test wrc_kylotonn::tests::gear_one_maps_to_first ... ok
test wrc_kylotonn::tests::gear_zero_is_reverse ... ok
test wrc_kylotonn::tests::wheel_speeds_in_extended ... ok
test wrc_kylotonn::tests::wrc10_game_id ... ok
test wreckfest::tests::test_magic_mismatch_rejected ... ok
test wreckfest::tests::test_neutral_gear ... ok
test wtcr::tests::ffb_scalar_clamped_to_range ... ok
test wtcr::tests::speed_extracted_from_wheel_speeds ... ok
test wtcr::tests::zero_packet_returns_zero_speed_and_rpm ... ok
test wtcr::tests::game_id_is_wtcr ... ok
test wtcr::tests::gear_zero_maps_to_reverse ... ok
test wtcr::tests::rejects_short_packet ... ok
test trackmania::property_tests::prop_arbitrary_bytes_no_panic ... ok
test wtcr::property_tests::prop_short_packet_returns_err ... ok
test wtcr::property_tests::prop_throttle_brake_clamped ... ok
test rfactor2::tests::test_is_game_running ... ok
test wtcr::property_tests::prop_arbitrary_packet_no_panic ... ok
test rfactor2::proptest_tests::rf2_no_panic_on_arbitrary_bytes ... ok
test ride5::proptest_tests::prop_arbitrary_bytes_no_panic ... ok

test result: ok. 644 passed; 0 failed; 0 ignored; 0 measured; 0 filtered out; finished in 3.33s

     Running tests\adapter_integration_tests.rs (target\debug\deps\adapter_integration_tests-1901ca48d6aaa2b2.exe)

running 31 tests
test adapter_game_ids_are_unique ... ok
test assetto_corsa_empty_packet_returns_error ... ok
test forza_sled_valid_packet_parses_rpm_and_speed ... ok
test assetto_corsa_valid_packet_parses_fields ... ok
test beamng_empty_packet_returns_error ... ok
test beamng_neutral_gear_maps_to_zero ... ok
test forza_sled_speed_from_negative_velocity ... ok
test beamng_valid_outgauge_packet_parses_fields ... ok
test beamng_short_packet_returns_error ... ok
test forza_cardash_packet_parses ... ok
test adapter_factories_registry_contains_all_expected_games ... ok
test beamng_reverse_gear_maps_to_minus_one ... ok
test forza_sled_not_racing_returns_empty_telemetry ... ok
test forza_unknown_packet_size_returns_error ... ok
test assetto_corsa_short_packet_returns_error ... ok
test forza_empty_packet_returns_error ... ok
test iracing_short_packet_returns_error ... ok
test iracing_empty_packet_returns_error ... ok
test iracing_large_zeroed_buffer_returns_ok ... ok
test pcars2_empty_packet_returns_error ... ok
test pcars2_short_packet_returns_error ... ok
test pcars2_valid_packet_parses_fields ... ok
test raceroom_empty_packet_returns_error ... ok
test raceroom_game_in_menus_returns_empty_telemetry ... ok
test raceroom_game_paused_returns_empty_telemetry ... ok
test raceroom_short_packet_returns_error ... ok
test raceroom_valid_packet_parses_fields ... ok
test raceroom_wrong_version_returns_error ... ok
test rfactor2_empty_packet_returns_error ... ok
test rfactor2_large_zeroed_buffer_returns_ok ... ok
test rfactor2_short_packet_returns_error ... ok

test result: ok. 31 passed; 0 failed; 0 ignored; 0 measured; 0 filtered out; finished in 0.00s

     Running tests\new_games_integration_tests.rs (target\debug\deps\new_games_integration_tests-b111231d6ef23785.exe)

running 72 tests
test dakar_adapter_game_id ... ok
test dakar_bad_magic_returns_error ... ok
test dakar_empty_packet_returns_error ... ok
test dakar_happy_path_parses_fields ... ok
test dakar_ffb_scalar_stays_in_range ... ok
test dakar_neutral_gear_maps_to_zero ... ok
test dirt4_empty_packet_returns_error ... ok
test dirt4_happy_path_parses_fields ... FAILED
test dirt4_short_packet_returns_error ... ok
test ats_variant_happy_path_parses_fields ... ok
test ets2_happy_path_parses_fields ... ok
test dakar_reverse_gear_maps_to_minus_one ... ok
test dirt4_in_pits_flag_set ... FAILED
test dirt4_gear_zero_maps_to_reverse ... FAILED
test ets2_empty_packet_returns_error ... ok
test dakar_short_packet_returns_error ... ok
test ets2_neutral_gear_maps_to_zero ... ok
test ets2_reverse_gear_maps_to_minus_one ... ok
test ets2_short_packet_returns_error ... ok
test ets2_wrong_version_returns_error ... ok
test flatout_bad_magic_returns_error ... ok
test flatout_adapter_game_id ... ok
test flatout_empty_packet_returns_error ... ok
test flatout_ffb_scalar_stays_in_range ... ok
test flatout_happy_path_parses_fields ... ok
test flatout_short_packet_returns_error ... ok
test lfs_first_gear_maps_to_one ... ok
test lfs_empty_packet_returns_error ... ok
test lfs_happy_path_parses_fields ... ok
test lfs_neutral_gear_maps_to_zero ... ok
test lfs_reverse_gear_maps_to_minus_one ... ok
test lfs_short_packet_returns_error ... ok
test pcars2_empty_packet_returns_error ... ok
test pcars2_happy_path_parses_fields ... ok
test pcars2_short_packet_returns_error ... ok
test pcars2_steering_clamped_to_minus_one_plus_one ... ok
test proptest_tests::ets2_short_packet_always_errors ... ok
test proptest_tests::lfs_valid_packet_throttle_in_range ... ok
test proptest_tests::pcars2_valid_packet_speed_nonnegative ... ok
test proptest_tests::dakar_short_packet_always_errors ... ok
test proptest_tests::lfs_short_packet_always_errors ... ok
test proptest_tests::flatout_short_packet_always_errors ... ok
test proptest_tests::rennsport_short_packet_always_errors ... ok
test proptest_tests::dirt4_short_packet_always_errors ... ok
test rennsport_ffb_scalar_clamped ... ok
test rennsport_happy_path_parses_fields ... ok
test rennsport_empty_packet_returns_error ... ok
test proptest_tests::pcars2_short_packet_always_errors ... ok
test rennsport_reverse_gear_maps_to_minus_one ... ok
test rennsport_short_packet_returns_error ... ok
test rennsport_wrong_identifier_returns_error ... ok
test wrc_generations_empty_packet_returns_error ... ok
test proptest_tests::flatout_no_panic_on_arbitrary_bytes ... ok
test wrc_generations_in_pits_flag_set ... ok
test wrc_generations_short_packet_returns_error ... ok
test wrc_generations_gear_zero_maps_to_reverse ... ok
test wreckfest_ffb_scalar_stays_in_range ... ok
test wreckfest_happy_path_parses_fields ... ok
test proptest_tests::wrc_generations_short_packet_always_errors ... ok
test proptest_tests::ets2_no_panic_on_arbitrary_bytes ... ok
test wrc_generations_happy_path_parses_fields ... ok
test wreckfest_short_packet_returns_error ... ok
test proptest_tests::rennsport_no_panic_on_arbitrary_bytes ... ok
test proptest_tests::wreckfest_short_packet_always_errors ... ok
test proptest_tests::dirt4_no_panic_on_arbitrary_bytes ... ok
test proptest_tests::dakar_no_panic_on_arbitrary_bytes ... ok
test wreckfest_bad_magic_returns_error ... ok
test wreckfest_empty_packet_returns_error ... ok
test proptest_tests::pcars2_no_panic_on_arbitrary_bytes ... ok
test proptest_tests::wreckfest_no_panic_on_arbitrary_bytes ... ok
test proptest_tests::lfs_no_panic_on_arbitrary_bytes ... ok
test proptest_tests::wrc_generations_no_panic_on_arbitrary_bytes ... ok

failures:

---- dirt4_happy_path_parses_fields stdout ----
Error: Dirt 4 packet too short: need at least 264 bytes, got 252

---- dirt4_in_pits_flag_set stdout ----
Error: Dirt 4 packet too short: need at least 264 bytes, got 252

---- dirt4_gear_zero_maps_to_reverse stdout ----
Error: Dirt 4 packet too short: need at least 264 bytes, got 252


failures:
    dirt4_gear_zero_maps_to_reverse
    dirt4_happy_path_parses_fields
    dirt4_in_pits_flag_set

test result: FAILED. 69 passed; 3 failed; 0 ignored; 0 measured; 0 filtered out; finished in 0.11s

error: test failed, to rerun pass `-p racing-wheel-telemetry-adapters --test new_games_integration_tests`
